[03-Dec-2025 20:46:27 UTC] PHP Notice:  Function _load_textdomain_just_in_time was called <strong>incorrectly</strong>. Translation loading for the <code>acf</code> domain was triggered too early. This is usually an indicator for some code in the plugin or theme running too early. Translations should be loaded at the <code>init</code> action or later. Please see <a href="https://developer.wordpress.org/advanced-administration/debug/debug-wordpress/">Debugging in WordPress</a> for more information. (This message was added in version 6.7.0.) in /home1/club3372/ead.escoladechoro.com.br/wp-includes/functions.php on line 6131
[03-Dec-2025 20:46:27 UTC] PHP Notice:  Function _load_textdomain_just_in_time was called <strong>incorrectly</strong>. Translation loading for the <code>ecademy-toolkit</code> domain was triggered too early. This is usually an indicator for some code in the plugin or theme running too early. Translations should be loaded at the <code>init</code> action or later. Please see <a href="https://developer.wordpress.org/advanced-administration/debug/debug-wordpress/">Debugging in WordPress</a> for more information. (This message was added in version 6.7.0.) in /home1/club3372/ead.escoladechoro.com.br/wp-includes/functions.php on line 6131
[03-Dec-2025 20:46:27 UTC] [Loco.debug] "Unloaded 1 premature text domain (acf)" in src/hooks/LoadHelper.php:65
[03-Dec-2025 20:46:28 UTC] PHP Warning:  Cannot modify header information - headers already sent by (output started at /home1/club3372/ead.escoladechoro.com.br/wp-includes/functions.php:6131) in /home1/club3372/ead.escoladechoro.com.br/wp-content/plugins/tutor-pro/classes/LessonNotes.php on line 68
[03-Dec-2025 20:46:28 UTC] PHP Fatal error:  Uncaught Error: Class "Elementor\Core\Schemes\Typography" not found in /home1/club3372/ead.escoladechoro.com.br/wp-content/plugins/ecademy-toolkit/widgets/banner-one.php:455
Stack trace:
#0 /home1/club3372/ead.escoladechoro.com.br/wp-content/plugins/elementor/includes/base/controls-stack.php(2435): Elementor\eCademy_Banner->register_controls()
#1 /home1/club3372/ead.escoladechoro.com.br/wp-content/plugins/elementor/includes/base/widget-base.php(1049): Elementor\Controls_Stack->init_controls()
#2 /home1/club3372/ead.escoladechoro.com.br/wp-content/plugins/elementor/includes/base/controls-stack.php(570): Elementor\Widget_Base->init_controls()
#3 /home1/club3372/ead.escoladechoro.com.br/wp-content/plugins/elementor/includes/base/widget-base.php(185): Elementor\Controls_Stack->get_stack()
#4 /home1/club3372/ead.escoladechoro.com.br/wp-content/plugins/elementor/includes/base/controls-stack.php(315): Elementor\Widget_Base->get_stack()
#5 /home1/club3372/ead.escoladechoro.com.br/wp-content/plugins/elementor/includes/base/controls-stack.php(2524): Elementor\Controls_Stack->get_controls()
#6 /home1/club3372/ead.escoladechoro.com.br/wp-content/plugins/elementor/includes/base/controls-stack.php(1161): Elementor\Controls_Stack->sanitize_settings(Array)
#7 /home1/club3372/ead.escoladechoro.com.br/wp-content/plugins/elementor/includes/base/controls-stack.php(2267): Elementor\Controls_Stack->get_data('settings')
#8 /home1/club3372/ead.escoladechoro.com.br/wp-content/plugins/elementor/core/base/base-object.php(143): Elementor\Controls_Stack->get_init_settings()
#9 /home1/club3372/ead.escoladechoro.com.br/wp-content/plugins/elementor/core/base/base-object.php(40): Elementor\Core\Base\Base_Object->ensure_settings()
#10 /home1/club3372/ead.escoladechoro.com.br/wp-content/plugins/elementor/includes/base/controls-stack.php(390): Elementor\Core\Base\Base_Object->get_settings()
#11 /home1/club3372/ead.escoladechoro.com.br/wp-content/plugins/elementor/includes/base/controls-stack.php(1210): Elementor\Controls_Stack->get_controls_settings()
#12 /home1/club3372/ead.escoladechoro.com.br/wp-content/plugins/elementor/core/base/elements-iteration-actions/assets.php(29): Elementor\Controls_Stack->get_active_settings()
#13 /home1/club3372/ead.escoladechoro.com.br/wp-content/plugins/elementor/core/base/document.php(2075): Elementor\Core\Base\Elements_Iteration_Actions\Assets->element_action(Object(Elementor\eCademy_Banner))
#14 [internal function]: Elementor\Core\Base\Document->Elementor\Core\Base\{closure}(Array, Array)
#15 /home1/club3372/ead.escoladechoro.com.br/wp-content/plugins/elementor/includes/db.php(265): call_user_func(Object(Closure), Array, Array)
#16 /home1/club3372/ead.escoladechoro.com.br/wp-content/plugins/elementor/includes/db.php(269): Elementor\DB->iterate_data(Array, Object(Closure), Array)
#17 /home1/club3372/ead.escoladechoro.com.br/wp-content/plugins/elementor/includes/db.php(262): Elementor\DB->iterate_data(Array, Object(Closure), Array)
#18 /home1/club3372/ead.escoladechoro.com.br/wp-content/plugins/elementor/includes/db.php(269): Elementor\DB->iterate_data(Array, Object(Closure), Array)
#19 /home1/club3372/ead.escoladechoro.com.br/wp-content/plugins/elementor/includes/db.php(262): Elementor\DB->iterate_data(Array, Object(Closure), Array)
#20 /home1/club3372/ead.escoladechoro.com.br/wp-content/plugins/elementor/includes/db.php(269): Elementor\DB->iterate_data(Array, Object(Closure), Array)
#21 /home1/club3372/ead.escoladechoro.com.br/wp-content/plugins/elementor/core/base/document.php(2060): Elementor\DB->iterate_data(Array, Object(Closure))
#22 /home1/club3372/ead.escoladechoro.com.br/wp-content/plugins/elementor/core/base/document.php(1903): Elementor\Core\Base\Document->iterate_elements(Array, Array, 'render')
#23 /home1/club3372/ead.escoladechoro.com.br/wp-content/plugins/elementor/includes/frontend.php(694): Elementor\Core\Base\Document->update_runtime_elements()
#24 /home1/club3372/ead.escoladechoro.com.br/wp-content/plugins/elementor/includes/frontend.php(670): Elementor\Frontend->handle_page_assets(30)
#25 /home1/club3372/ead.escoladechoro.com.br/wp-includes/class-wp-hook.php(341): Elementor\Frontend->enqueue_styles('')
#26 /home1/club3372/ead.escoladechoro.com.br/wp-includes/class-wp-hook.php(365): WP_Hook->apply_filters(NULL, Array)
#27 /home1/club3372/ead.escoladechoro.com.br/wp-includes/plugin.php(522): WP_Hook->do_action(Array)
#28 /home1/club3372/ead.escoladechoro.com.br/wp-includes/script-loader.php(2311): do_action('wp_enqueue_scri...')
#29 /home1/club3372/ead.escoladechoro.com.br/wp-includes/class-wp-hook.php(341): wp_enqueue_scripts('')
#30 /home1/club3372/ead.escoladechoro.com.br/wp-includes/class-wp-hook.php(365): WP_Hook->apply_filters(NULL, Array)
#31 /home1/club3372/ead.escoladechoro.com.br/wp-includes/plugin.php(522): WP_Hook->do_action(Array)
#32 /home1/club3372/ead.escoladechoro.com.br/wp-includes/general-template.php(3197): do_action('wp_head')
#33 /home1/club3372/ead.escoladechoro.com.br/wp-content/themes/ecademy/header.php(9): wp_head()
#34 /home1/club3372/ead.escoladechoro.com.br/wp-includes/template.php(814): require_once('/home1/club3372...')
#35 /home1/club3372/ead.escoladechoro.com.br/wp-includes/template.php(749): load_template('/home1/club3372...', true, Array)
#36 /home1/club3372/ead.escoladechoro.com.br/wp-includes/general-template.php(48): locate_template(Array, true, true, Array)
#37 /home1/club3372/ead.escoladechoro.com.br/wp-content/plugins/elementor/modules/page-templates/templates/header-footer.php(9): get_header()
#38 /home1/club3372/ead.escoladechoro.com.br/wp-includes/template-loader.php(125): include('/home1/club3372...')
#39 /home1/club3372/ead.escoladechoro.com.br/wp-blog-header.php(19): require_once('/home1/club3372...')
#40 /home1/club3372/ead.escoladechoro.com.br/index.php(17): require('/home1/club3372...')
#41 {main}
  thrown in /home1/club3372/ead.escoladechoro.com.br/wp-content/plugins/ecademy-toolkit/widgets/banner-one.php on line 455
[03-Dec-2025 20:46:34 UTC] PHP Notice:  Function _load_textdomain_just_in_time was called <strong>incorrectly</strong>. Translation loading for the <code>acf</code> domain was triggered too early. This is usually an indicator for some code in the plugin or theme running too early. Translations should be loaded at the <code>init</code> action or later. Please see <a href="https://developer.wordpress.org/advanced-administration/debug/debug-wordpress/">Debugging in WordPress</a> for more information. (This message was added in version 6.7.0.) in /home1/club3372/ead.escoladechoro.com.br/wp-includes/functions.php on line 6131
[03-Dec-2025 20:46:34 UTC] PHP Notice:  Function _load_textdomain_just_in_time was called <strong>incorrectly</strong>. Translation loading for the <code>ecademy-toolkit</code> domain was triggered too early. This is usually an indicator for some code in the plugin or theme running too early. Translations should be loaded at the <code>init</code> action or later. Please see <a href="https://developer.wordpress.org/advanced-administration/debug/debug-wordpress/">Debugging in WordPress</a> for more information. (This message was added in version 6.7.0.) in /home1/club3372/ead.escoladechoro.com.br/wp-includes/functions.php on line 6131
[03-Dec-2025 20:46:34 UTC] [Loco.debug] "Unloaded 1 premature text domain (acf)" in src/hooks/LoadHelper.php:65
[03-Dec-2025 20:46:34 UTC] WordPress database error Table 'club3372_eadescoladechoro.wp_tutor_cart_items' doesn't exist for query SHOW COLUMNS FROM wp_tutor_cart_items LIKE 'item_details' made by do_action('admin_init'), WP_Hook->do_action, WP_Hook->apply_filters, TUTOR\Upgrader->init_upgrader, TUTOR\Upgrader->upgrade_to_3_8_0, Tutor\Helpers\QueryHelper::column_exist
[03-Dec-2025 20:46:34 UTC] WordPress database error Table 'club3372_eadescoladechoro.wp_tutor_cart_items' doesn't exist for query SHOW COLUMNS FROM wp_tutor_cart_items LIKE 'item_type' made by do_action('admin_init'), WP_Hook->do_action, WP_Hook->apply_filters, TUTOR\Upgrader->init_upgrader, TUTOR\Upgrader->upgrade_to_3_8_0, Tutor\Helpers\QueryHelper::column_exist
[03-Dec-2025 20:46:34 UTC] WordPress database error Table 'club3372_eadescoladechoro.wp_tutor_cart_items' doesn't exist for query ALTER TABLE wp_tutor_cart_items ADD item_details JSON AFTER course_id made by do_action('admin_init'), WP_Hook->do_action, WP_Hook->apply_filters, TUTOR\Upgrader->init_upgrader, TUTOR\Upgrader->upgrade_to_3_8_0
[03-Dec-2025 20:46:34 UTC] WordPress database error Table 'club3372_eadescoladechoro.wp_tutor_cart_items' doesn't exist for query ALTER TABLE wp_tutor_cart_items ADD item_type VARCHAR(255) AFTER course_id made by do_action('admin_init'), WP_Hook->do_action, WP_Hook->apply_filters, TUTOR\Upgrader->init_upgrader, TUTOR\Upgrader->upgrade_to_3_8_0
[03-Dec-2025 20:48:35 UTC] PHP Notice:  Function _load_textdomain_just_in_time was called <strong>incorrectly</strong>. Translation loading for the <code>acf</code> domain was triggered too early. This is usually an indicator for some code in the plugin or theme running too early. Translations should be loaded at the <code>init</code> action or later. Please see <a href="https://developer.wordpress.org/advanced-administration/debug/debug-wordpress/">Debugging in WordPress</a> for more information. (This message was added in version 6.7.0.) in /home1/club3372/ead.escoladechoro.com.br/wp-includes/functions.php on line 6131
[03-Dec-2025 20:48:35 UTC] PHP Notice:  Function _load_textdomain_just_in_time was called <strong>incorrectly</strong>. Translation loading for the <code>ecademy-toolkit</code> domain was triggered too early. This is usually an indicator for some code in the plugin or theme running too early. Translations should be loaded at the <code>init</code> action or later. Please see <a href="https://developer.wordpress.org/advanced-administration/debug/debug-wordpress/">Debugging in WordPress</a> for more information. (This message was added in version 6.7.0.) in /home1/club3372/ead.escoladechoro.com.br/wp-includes/functions.php on line 6131
[03-Dec-2025 20:48:35 UTC] [Loco.debug] "Unloaded 1 premature text domain (acf)" in src/hooks/LoadHelper.php:65
[03-Dec-2025 20:48:35 UTC] WordPress database error Table 'club3372_eadescoladechoro.wp_tutor_cart_items' doesn't exist for query SHOW COLUMNS FROM wp_tutor_cart_items LIKE 'item_details' made by do_action('admin_init'), WP_Hook->do_action, WP_Hook->apply_filters, TUTOR\Upgrader->init_upgrader, TUTOR\Upgrader->upgrade_to_3_8_0, Tutor\Helpers\QueryHelper::column_exist
[03-Dec-2025 20:48:35 UTC] WordPress database error Table 'club3372_eadescoladechoro.wp_tutor_cart_items' doesn't exist for query SHOW COLUMNS FROM wp_tutor_cart_items LIKE 'item_type' made by do_action('admin_init'), WP_Hook->do_action, WP_Hook->apply_filters, TUTOR\Upgrader->init_upgrader, TUTOR\Upgrader->upgrade_to_3_8_0, Tutor\Helpers\QueryHelper::column_exist
[03-Dec-2025 20:48:35 UTC] WordPress database error Table 'club3372_eadescoladechoro.wp_tutor_cart_items' doesn't exist for query ALTER TABLE wp_tutor_cart_items ADD item_details JSON AFTER course_id made by do_action('admin_init'), WP_Hook->do_action, WP_Hook->apply_filters, TUTOR\Upgrader->init_upgrader, TUTOR\Upgrader->upgrade_to_3_8_0
[03-Dec-2025 20:48:35 UTC] WordPress database error Table 'club3372_eadescoladechoro.wp_tutor_cart_items' doesn't exist for query ALTER TABLE wp_tutor_cart_items ADD item_type VARCHAR(255) AFTER course_id made by do_action('admin_init'), WP_Hook->do_action, WP_Hook->apply_filters, TUTOR\Upgrader->init_upgrader, TUTOR\Upgrader->upgrade_to_3_8_0
[03-Dec-2025 20:48:35 UTC] PHP Notice:  Function _load_textdomain_just_in_time was called <strong>incorrectly</strong>. Translation loading for the <code>acf</code> domain was triggered too early. This is usually an indicator for some code in the plugin or theme running too early. Translations should be loaded at the <code>init</code> action or later. Please see <a href="https://developer.wordpress.org/advanced-administration/debug/debug-wordpress/">Debugging in WordPress</a> for more information. (This message was added in version 6.7.0.) in /home1/club3372/ead.escoladechoro.com.br/wp-includes/functions.php on line 6131
[03-Dec-2025 20:48:35 UTC] PHP Notice:  Function _load_textdomain_just_in_time was called <strong>incorrectly</strong>. Translation loading for the <code>ecademy-toolkit</code> domain was triggered too early. This is usually an indicator for some code in the plugin or theme running too early. Translations should be loaded at the <code>init</code> action or later. Please see <a href="https://developer.wordpress.org/advanced-administration/debug/debug-wordpress/">Debugging in WordPress</a> for more information. (This message was added in version 6.7.0.) in /home1/club3372/ead.escoladechoro.com.br/wp-includes/functions.php on line 6131
[03-Dec-2025 20:48:35 UTC] [Loco.debug] "Unloaded 1 premature text domain (acf)" in src/hooks/LoadHelper.php:65
